#! /c/Source/iverilog-install/bin/vvp
:ivl_version "12.0 (devel)" "(s20150603-1539-g2693dd32b)";
:ivl_delay_selection "TYPICAL";
:vpi_time_precision - 12;
:vpi_module "C:\iverilog\lib\ivl\system.vpi";
:vpi_module "C:\iverilog\lib\ivl\vhdl_sys.vpi";
:vpi_module "C:\iverilog\lib\ivl\vhdl_textio.vpi";
:vpi_module "C:\iverilog\lib\ivl\v2005_math.vpi";
:vpi_module "C:\iverilog\lib\ivl\va_math.vpi";
S_0000022669ea6b80 .scope module, "mac_controlpath" "mac_controlpath" 2 10;
 .timescale -9 -12;
    .port_info 0 /INPUT 1 "clk";
    .port_info 1 /INPUT 1 "rst";
    .port_info 2 /INPUT 1 "go";
    .port_info 3 /INPUT 1 "cmp";
    .port_info 4 /OUTPUT 1 "load_a";
    .port_info 5 /OUTPUT 1 "load_b";
    .port_info 6 /OUTPUT 1 "load_m";
    .port_info 7 /OUTPUT 1 "load_acc";
    .port_info 8 /OUTPUT 1 "load_out";
    .port_info 9 /OUTPUT 1 "count_enable";
    .port_info 10 /OUTPUT 1 "done";
P_0000022669ea6d10 .param/l "S0" 0 2 25, C4<000>;
P_0000022669ea6d48 .param/l "S1" 0 2 26, C4<001>;
P_0000022669ea6d80 .param/l "S2" 0 2 27, C4<010>;
P_0000022669ea6db8 .param/l "S3" 0 2 28, C4<011>;
P_0000022669ea6df0 .param/l "S4" 0 2 29, C4<100>;
P_0000022669ea6e28 .param/l "S5" 0 2 30, C4<101>;
P_0000022669ea6e60 .param/l "S6" 0 2 31, C4<110>;
P_0000022669ea6e98 .param/l "S7" 0 2 32, C4<111>;
o0000022669f00fa8 .functor BUFZ 1, C4<z>; HiZ drive
v0000022669ea7310_0 .net "clk", 0 0, o0000022669f00fa8;  0 drivers
o0000022669f00fd8 .functor BUFZ 1, C4<z>; HiZ drive
v0000022669eabe40_0 .net "cmp", 0 0, o0000022669f00fd8;  0 drivers
v0000022669eabee0_0 .var "count_enable", 0 0;
v0000022669ef26f0_0 .var "done", 0 0;
o0000022669f01068 .functor BUFZ 1, C4<z>; HiZ drive
v0000022669ef2790_0 .net "go", 0 0, o0000022669f01068;  0 drivers
v0000022669ef2830_0 .var "load_a", 0 0;
v0000022669ef28d0_0 .var "load_acc", 0 0;
v0000022669ef2970_0 .var "load_b", 0 0;
v0000022669ef2a10_0 .var "load_m", 0 0;
v0000022669ef2ab0_0 .var "load_out", 0 0;
v0000022669ef2b50_0 .var "next_state", 2 0;
v0000022669ef2bf0_0 .var "present_state", 2 0;
o0000022669f011e8 .functor BUFZ 1, C4<z>; HiZ drive
v0000022669ef2c90_0 .net "rst", 0 0, o0000022669f011e8;  0 drivers
E_0000022669ea9d80 .event anyedge, v0000022669ef2bf0_0, v0000022669ef2790_0;
E_0000022669ea9e00 .event posedge, v0000022669ea7310_0, v0000022669ef2c90_0;
    .scope S_0000022669ea6b80;
T_0 ;
    %wait E_0000022669ea9e00;
    %load/vec4 v0000022669ef2c90_0;
    %cmpi/e 1, 0, 1;
    %jmp/0xz  T_0.0, 4;
    %pushi/vec4 0, 0, 3;
    %store/vec4 v0000022669ef2bf0_0, 0, 3;
    %pushi/vec4 0, 0, 1;
    %store/vec4 v0000022669ef26f0_0, 0, 1;
    %jmp T_0.1;
T_0.0 ;
    %load/vec4 v0000022669ef2b50_0;
    %store/vec4 v0000022669ef2bf0_0, 0, 3;
T_0.1 ;
    %jmp T_0;
    .thread T_0;
    .scope S_0000022669ea6b80;
T_1 ;
    %wait E_0000022669ea9d80;
    %load/vec4 v0000022669ef2790_0;
    %pushi/vec4 1, 0, 1;
    %cmp/e;
    %flag_get/vec4 4;
    %load/vec4 v0000022669ef2bf0_0;
    %pushi/vec4 0, 0, 3;
    %cmp/e;
    %flag_get/vec4 4;
    %and;
    %flag_set/vec4 8;
    %jmp/0xz  T_1.0, 8;
    %pushi/vec4 0, 0, 1;
    %store/vec4 v0000022669ef2830_0, 0, 1;
    %pushi/vec4 0, 0, 1;
    %store/vec4 v0000022669ef2970_0, 0, 1;
    %pushi/vec4 0, 0, 1;
    %store/vec4 v0000022669ef2a10_0, 0, 1;
    %pushi/vec4 0, 0, 1;
    %store/vec4 v0000022669ef28d0_0, 0, 1;
    %pushi/vec4 0, 0, 1;
    %store/vec4 v0000022669ef2ab0_0, 0, 1;
    %pushi/vec4 0, 0, 1;
    %store/vec4 v0000022669eabee0_0, 0, 1;
    %pushi/vec4 1, 0, 3;
    %store/vec4 v0000022669ef2b50_0, 0, 3;
    %jmp T_1.1;
T_1.0 ;
    %load/vec4 v0000022669ef2bf0_0;
    %dup/vec4;
    %pushi/vec4 1, 0, 3;
    %cmp/u;
    %jmp/1 T_1.2, 6;
    %dup/vec4;
    %pushi/vec4 2, 0, 3;
    %cmp/u;
    %jmp/1 T_1.3, 6;
    %dup/vec4;
    %pushi/vec4 3, 0, 3;
    %cmp/u;
    %jmp/1 T_1.4, 6;
    %dup/vec4;
    %pushi/vec4 4, 0, 3;
    %cmp/u;
    %jmp/1 T_1.5, 6;
    %dup/vec4;
    %pushi/vec4 5, 0, 3;
    %cmp/u;
    %jmp/1 T_1.6, 6;
    %dup/vec4;
    %pushi/vec4 6, 0, 3;
    %cmp/u;
    %jmp/1 T_1.7, 6;
    %dup/vec4;
    %pushi/vec4 7, 0, 3;
    %cmp/u;
    %jmp/1 T_1.8, 6;
    %pushi/vec4 0, 0, 3;
    %store/vec4 v0000022669ef2b50_0, 0, 3;
    %jmp T_1.10;
T_1.2 ;
    %pushi/vec4 1, 0, 1;
    %store/vec4 v0000022669ef2830_0, 0, 1;
    %pushi/vec4 1, 0, 1;
    %store/vec4 v0000022669ef2970_0, 0, 1;
    %pushi/vec4 0, 0, 1;
    %store/vec4 v0000022669ef2a10_0, 0, 1;
    %pushi/vec4 0, 0, 1;
    %store/vec4 v0000022669ef28d0_0, 0, 1;
    %pushi/vec4 0, 0, 1;
    %store/vec4 v0000022669ef2ab0_0, 0, 1;
    %pushi/vec4 1, 0, 1;
    %store/vec4 v0000022669eabee0_0, 0, 1;
    %pushi/vec4 2, 0, 3;
    %store/vec4 v0000022669ef2b50_0, 0, 3;
    %jmp T_1.10;
T_1.3 ;
    %pushi/vec4 0, 0, 1;
    %store/vec4 v0000022669ef2830_0, 0, 1;
    %pushi/vec4 0, 0, 1;
    %store/vec4 v0000022669ef2970_0, 0, 1;
    %pushi/vec4 0, 0, 1;
    %store/vec4 v0000022669ef2a10_0, 0, 1;
    %pushi/vec4 0, 0, 1;
    %store/vec4 v0000022669ef28d0_0, 0, 1;
    %pushi/vec4 0, 0, 1;
    %store/vec4 v0000022669ef2ab0_0, 0, 1;
    %pushi/vec4 0, 0, 1;
    %store/vec4 v0000022669eabee0_0, 0, 1;
    %pushi/vec4 3, 0, 3;
    %store/vec4 v0000022669ef2b50_0, 0, 3;
    %jmp T_1.10;
T_1.4 ;
    %pushi/vec4 0, 0, 1;
    %store/vec4 v0000022669ef2830_0, 0, 1;
    %pushi/vec4 0, 0, 1;
    %store/vec4 v0000022669ef2970_0, 0, 1;
    %pushi/vec4 1, 0, 1;
    %store/vec4 v0000022669ef2a10_0, 0, 1;
    %pushi/vec4 0, 0, 1;
    %store/vec4 v0000022669ef28d0_0, 0, 1;
    %pushi/vec4 0, 0, 1;
    %store/vec4 v0000022669eabee0_0, 0, 1;
    %pushi/vec4 0, 0, 1;
    %store/vec4 v0000022669ef2ab0_0, 0, 1;
    %pushi/vec4 4, 0, 3;
    %store/vec4 v0000022669ef2b50_0, 0, 3;
    %jmp T_1.10;
T_1.5 ;
    %pushi/vec4 0, 0, 1;
    %store/vec4 v0000022669ef2830_0, 0, 1;
    %pushi/vec4 0, 0, 1;
    %store/vec4 v0000022669ef2970_0, 0, 1;
    %pushi/vec4 0, 0, 1;
    %store/vec4 v0000022669ef2a10_0, 0, 1;
    %pushi/vec4 0, 0, 1;
    %store/vec4 v0000022669ef28d0_0, 0, 1;
    %pushi/vec4 0, 0, 1;
    %store/vec4 v0000022669ef2ab0_0, 0, 1;
    %pushi/vec4 0, 0, 1;
    %store/vec4 v0000022669eabee0_0, 0, 1;
    %pushi/vec4 5, 0, 3;
    %store/vec4 v0000022669ef2b50_0, 0, 3;
    %jmp T_1.10;
T_1.6 ;
    %pushi/vec4 0, 0, 1;
    %store/vec4 v0000022669ef2830_0, 0, 1;
    %pushi/vec4 0, 0, 1;
    %store/vec4 v0000022669ef2970_0, 0, 1;
    %pushi/vec4 0, 0, 1;
    %store/vec4 v0000022669ef2a10_0, 0, 1;
    %pushi/vec4 1, 0, 1;
    %store/vec4 v0000022669ef28d0_0, 0, 1;
    %pushi/vec4 0, 0, 1;
    %store/vec4 v0000022669ef2ab0_0, 0, 1;
    %pushi/vec4 0, 0, 1;
    %store/vec4 v0000022669eabee0_0, 0, 1;
    %pushi/vec4 6, 0, 3;
    %store/vec4 v0000022669ef2b50_0, 0, 3;
    %jmp T_1.10;
T_1.7 ;
    %pushi/vec4 0, 0, 1;
    %store/vec4 v0000022669ef2830_0, 0, 1;
    %pushi/vec4 0, 0, 1;
    %store/vec4 v0000022669ef2970_0, 0, 1;
    %pushi/vec4 0, 0, 1;
    %store/vec4 v0000022669ef2a10_0, 0, 1;
    %pushi/vec4 0, 0, 1;
    %store/vec4 v0000022669ef28d0_0, 0, 1;
    %pushi/vec4 0, 0, 1;
    %store/vec4 v0000022669ef2ab0_0, 0, 1;
    %pushi/vec4 0, 0, 1;
    %store/vec4 v0000022669eabee0_0, 0, 1;
    %load/vec4 v0000022669eabe40_0;
    %cmpi/e 1, 0, 1;
    %flag_mov 8, 4;
    %jmp/0 T_1.11, 8;
    %pushi/vec4 7, 0, 3;
    %jmp/1 T_1.12, 8;
T_1.11 ; End of true expr.
    %pushi/vec4 1, 0, 3;
    %jmp/0 T_1.12, 8;
 ; End of false expr.
    %blend;
T_1.12;
    %store/vec4 v0000022669ef2b50_0, 0, 3;
    %jmp T_1.10;
T_1.8 ;
    %pushi/vec4 1, 0, 1;
    %store/vec4 v0000022669ef2ab0_0, 0, 1;
    %pushi/vec4 0, 0, 3;
    %store/vec4 v0000022669ef2b50_0, 0, 3;
    %pushi/vec4 1, 0, 1;
    %store/vec4 v0000022669ef26f0_0, 0, 1;
    %jmp T_1.10;
T_1.10 ;
    %pop/vec4 1;
T_1.1 ;
    %jmp T_1;
    .thread T_1, $push;
# The file index is used to find the file name in the following table.
:file_names 3;
    "N/A";
    "<interactive>";
    "mac_controlpath.v";
