#! /c/Source/iverilog-install/bin/vvp
:ivl_version "12.0 (devel)" "(s20150603-1539-g2693dd32b)";
:ivl_delay_selection "TYPICAL";
:vpi_time_precision - 12;
:vpi_module "C:\iverilog\lib\ivl\system.vpi";
:vpi_module "C:\iverilog\lib\ivl\vhdl_sys.vpi";
:vpi_module "C:\iverilog\lib\ivl\vhdl_textio.vpi";
:vpi_module "C:\iverilog\lib\ivl\v2005_math.vpi";
:vpi_module "C:\iverilog\lib\ivl\va_math.vpi";
S_0000023701756bc0 .scope module, "mac_datapath" "mac_datapath" 2 9;
 .timescale -9 -12;
    .port_info 0 /INPUT 1 "clk";
    .port_info 1 /INPUT 1 "rst";
    .port_info 2 /INPUT 4 "A";
    .port_info 3 /INPUT 4 "B";
    .port_info 4 /INPUT 1 "load_a";
    .port_info 5 /INPUT 1 "load_b";
    .port_info 6 /INPUT 1 "load_m";
    .port_info 7 /INPUT 1 "load_acc";
    .port_info 8 /INPUT 1 "load_out";
    .port_info 9 /INPUT 1 "count_enable";
    .port_info 10 /OUTPUT 12 "out";
    .port_info 11 /OUTPUT 1 "cmp";
    .port_info 12 /OUTPUT 1 "done";
o00000237017edfd8 .functor BUFZ 4, C4<zzzz>; HiZ drive
v0000023701757130_0 .net "A", 3 0, o00000237017edfd8;  0 drivers
o00000237017ee008 .functor BUFZ 4, C4<zzzz>; HiZ drive
v0000023701757350_0 .net "B", 3 0, o00000237017ee008;  0 drivers
v0000023701756d50_0 .var "Racc", 11 0;
o00000237017ee068 .functor BUFZ 1, C4<z>; HiZ drive
v0000023701756df0_0 .net "clk", 0 0, o00000237017ee068;  0 drivers
v0000023701756e90_0 .var "cmp", 0 0;
o00000237017ee0c8 .functor BUFZ 1, C4<z>; HiZ drive
v00000237017e3190_0 .net "count_enable", 0 0, o00000237017ee0c8;  0 drivers
v00000237017e3280_0 .var "count_out", 3 0;
v00000237017e40e0_0 .var "done", 0 0;
o00000237017ee158 .functor BUFZ 1, C4<z>; HiZ drive
v00000237017e35a0_0 .net "load_a", 0 0, o00000237017ee158;  0 drivers
o00000237017ee188 .functor BUFZ 1, C4<z>; HiZ drive
v00000237017e3500_0 .net "load_acc", 0 0, o00000237017ee188;  0 drivers
o00000237017ee1b8 .functor BUFZ 1, C4<z>; HiZ drive
v00000237017e3640_0 .net "load_b", 0 0, o00000237017ee1b8;  0 drivers
o00000237017ee1e8 .functor BUFZ 1, C4<z>; HiZ drive
v00000237017e3820_0 .net "load_m", 0 0, o00000237017ee1e8;  0 drivers
o00000237017ee218 .functor BUFZ 1, C4<z>; HiZ drive
v00000237017e3dc0_0 .net "load_out", 0 0, o00000237017ee218;  0 drivers
v00000237017e3c80_0 .var "out", 11 0;
v00000237017e4040_0 .var "reset_flag", 0 0;
o00000237017ee2a8 .functor BUFZ 1, C4<z>; HiZ drive
v00000237017e3460_0 .net "rst", 0 0, o00000237017ee2a8;  0 drivers
v00000237017e3320_0 .var "temp_min", 7 0;
v00000237017e38c0_0 .var "temp_mout", 7 0;
E_00000237017d5560 .event anyedge, v00000237017e3190_0;
E_00000237017d4660 .event posedge, v00000237017e3dc0_0;
E_00000237017d5060/0 .event anyedge, v00000237017e4040_0, v00000237017e3500_0, v00000237017e3820_0, v00000237017e3640_0;
E_00000237017d5060/1 .event anyedge, v00000237017e35a0_0, v0000023701757350_0, v0000023701757130_0;
E_00000237017d5060 .event/or E_00000237017d5060/0, E_00000237017d5060/1;
E_00000237017d51a0 .event posedge, v0000023701756df0_0, v00000237017e3460_0;
    .scope S_0000023701756bc0;
T_0 ;
    %wait E_00000237017d51a0;
    %load/vec4 v00000237017e3460_0;
    %cmpi/e 1, 0, 1;
    %jmp/0xz  T_0.0, 4;
    %pushi/vec4 1, 0, 1;
    %assign/vec4 v00000237017e4040_0, 0;
    %jmp T_0.1;
T_0.0 ;
    %pushi/vec4 0, 0, 1;
    %assign/vec4 v00000237017e4040_0, 0;
T_0.1 ;
    %jmp T_0;
    .thread T_0;
    .scope S_0000023701756bc0;
T_1 ;
    %wait E_00000237017d5060;
    %load/vec4 v00000237017e4040_0;
    %cmpi/e 1, 0, 1;
    %jmp/0xz  T_1.0, 4;
    %pushi/vec4 0, 0, 12;
    %store/vec4 v0000023701756d50_0, 0, 12;
    %pushi/vec4 0, 0, 1;
    %store/vec4 v00000237017e40e0_0, 0, 1;
    %pushi/vec4 0, 0, 12;
    %store/vec4 v00000237017e3c80_0, 0, 12;
    %pushi/vec4 0, 0, 4;
    %store/vec4 v00000237017e3280_0, 0, 4;
    %jmp T_1.1;
T_1.0 ;
    %load/vec4 v00000237017e35a0_0;
    %pushi/vec4 1, 0, 1;
    %cmp/e;
    %flag_get/vec4 4;
    %load/vec4 v00000237017e3640_0;
    %pushi/vec4 1, 0, 1;
    %cmp/e;
    %flag_get/vec4 4;
    %and;
    %flag_set/vec4 8;
    %jmp/0xz  T_1.2, 8;
    %load/vec4 v0000023701757130_0;
    %pad/u 8;
    %load/vec4 v0000023701757350_0;
    %pad/u 8;
    %mul;
    %store/vec4 v00000237017e3320_0, 0, 8;
    %jmp T_1.3;
T_1.2 ;
    %load/vec4 v00000237017e3820_0;
    %cmpi/e 1, 0, 1;
    %jmp/0xz  T_1.4, 4;
    %load/vec4 v00000237017e3320_0;
    %store/vec4 v00000237017e38c0_0, 0, 8;
    %jmp T_1.5;
T_1.4 ;
    %load/vec4 v00000237017e3500_0;
    %cmpi/e 1, 0, 1;
    %jmp/0xz  T_1.6, 4;
    %load/vec4 v0000023701756d50_0;
    %load/vec4 v00000237017e38c0_0;
    %pad/u 12;
    %add;
    %store/vec4 v0000023701756d50_0, 0, 12;
T_1.6 ;
T_1.5 ;
T_1.3 ;
T_1.1 ;
    %jmp T_1;
    .thread T_1, $push;
    .scope S_0000023701756bc0;
T_2 ;
    %wait E_00000237017d4660;
    %load/vec4 v00000237017e3dc0_0;
    %cmpi/e 1, 0, 1;
    %jmp/0xz  T_2.0, 4;
    %load/vec4 v0000023701756d50_0;
    %store/vec4 v00000237017e3c80_0, 0, 12;
    %pushi/vec4 1, 0, 1;
    %store/vec4 v00000237017e40e0_0, 0, 1;
T_2.0 ;
    %jmp T_2;
    .thread T_2;
    .scope S_0000023701756bc0;
T_3 ;
    %wait E_00000237017d5560;
    %load/vec4 v00000237017e3190_0;
    %pushi/vec4 1, 0, 1;
    %cmp/e;
    %flag_get/vec4 4;
    %load/vec4 v00000237017e3280_0;
    %cmpi/u 10, 0, 4;
    %flag_get/vec4 4;
    %flag_get/vec4 5;
    %or;
    %and;
    %flag_set/vec4 8;
    %jmp/0xz  T_3.0, 8;
    %load/vec4 v00000237017e3280_0;
    %addi 1, 0, 4;
    %assign/vec4 v00000237017e3280_0, 0;
    %pushi/vec4 0, 0, 1;
    %assign/vec4 v0000023701756e90_0, 0;
    %jmp T_3.1;
T_3.0 ;
    %load/vec4 v00000237017e3280_0;
    %cmpi/e 10, 0, 4;
    %jmp/0xz  T_3.2, 4;
    %pushi/vec4 1, 0, 1;
    %assign/vec4 v0000023701756e90_0, 0;
T_3.2 ;
T_3.1 ;
    %jmp T_3;
    .thread T_3, $push;
# The file index is used to find the file name in the following table.
:file_names 3;
    "N/A";
    "<interactive>";
    "mac_datapath.v";
