#! /c/Source/iverilog-install/bin/vvp
:ivl_version "12.0 (devel)" "(s20150603-1539-g2693dd32b)";
:ivl_delay_selection "TYPICAL";
:vpi_time_precision - 12;
:vpi_module "C:\iverilog\lib\ivl\system.vpi";
:vpi_module "C:\iverilog\lib\ivl\vhdl_sys.vpi";
:vpi_module "C:\iverilog\lib\ivl\vhdl_textio.vpi";
:vpi_module "C:\iverilog\lib\ivl\v2005_math.vpi";
:vpi_module "C:\iverilog\lib\ivl\va_math.vpi";
S_000002aadd065190 .scope module, "adder_topmodule" "adder_topmodule" 2 12;
 .timescale -9 -12;
    .port_info 0 /INPUT 1 "clk";
    .port_info 1 /INPUT 1 "rst";
    .port_info 2 /INPUT 1 "go";
    .port_info 3 /INPUT 4 "A";
    .port_info 4 /INPUT 4 "B";
    .port_info 5 /INPUT 4 "C";
    .port_info 6 /INPUT 4 "D";
    .port_info 7 /OUTPUT 16 "o_sum";
o000002aadd06c3d8 .functor BUFZ 4, C4<zzzz>; HiZ drive
v000002aadd0b76b0_0 .net "A", 3 0, o000002aadd06c3d8;  0 drivers
o000002aadd06c408 .functor BUFZ 4, C4<zzzz>; HiZ drive
v000002aadd0b7750_0 .net "B", 3 0, o000002aadd06c408;  0 drivers
o000002aadd06c438 .functor BUFZ 4, C4<zzzz>; HiZ drive
v000002aadd0b7890_0 .net "C", 3 0, o000002aadd06c438;  0 drivers
o000002aadd06c468 .functor BUFZ 4, C4<zzzz>; HiZ drive
v000002aadd0b7930_0 .net "D", 3 0, o000002aadd06c468;  0 drivers
v000002aadd0b6a30_0 .net "aload", 0 0, v000002aadd006dc0_0;  1 drivers
v000002aadd0b6ad0_0 .net "asel", 0 0, v000002aadd065560_0;  1 drivers
v000002aadd0b6b70_0 .net "bload", 0 0, v000002aadd006b40_0;  1 drivers
v000002aadd0b99f0_0 .net "bsel", 1 0, v000002aadd05c060_0;  1 drivers
o000002aadd06c078 .functor BUFZ 1, C4<z>; HiZ drive
v000002aadd0b8b90_0 .net "clk", 0 0, o000002aadd06c078;  0 drivers
v000002aadd0b8370_0 .net "cload", 0 0, v000002aadd05c1a0_0;  1 drivers
v000002aadd0b9630_0 .net "dload", 0 0, v000002aadd05c240_0;  1 drivers
o000002aadd06c108 .functor BUFZ 1, C4<z>; HiZ drive
v000002aadd0b9770_0 .net "go", 0 0, o000002aadd06c108;  0 drivers
v000002aadd0b9950_0 .net "o_sum", 15 0, v000002aadd0b6df0_0;  1 drivers
v000002aadd0b96d0_0 .net "output_enable", 0 0, v000002aadd054240_0;  1 drivers
o000002aadd06c1c8 .functor BUFZ 1, C4<z>; HiZ drive
v000002aadd0b8e10_0 .net "rst", 0 0, o000002aadd06c1c8;  0 drivers
S_000002aadd065320 .scope module, "controller1" "adder_controller" 2 44, 3 10 0, S_000002aadd065190;
 .timescale -9 -12;
    .port_info 0 /INPUT 1 "clk";
    .port_info 1 /INPUT 1 "rst";
    .port_info 2 /INPUT 1 "go";
    .port_info 3 /OUTPUT 1 "aload";
    .port_info 4 /OUTPUT 1 "bload";
    .port_info 5 /OUTPUT 1 "cload";
    .port_info 6 /OUTPUT 1 "dload";
    .port_info 7 /OUTPUT 1 "asel";
    .port_info 8 /OUTPUT 2 "bsel";
    .port_info 9 /OUTPUT 1 "output_enable";
P_000002aadd05bed0 .param/l "S0" 0 3 19, C4<000>;
P_000002aadd05bf08 .param/l "S1" 0 3 20, C4<001>;
P_000002aadd05bf40 .param/l "S2" 0 3 21, C4<010>;
P_000002aadd05bf78 .param/l "S3" 0 3 22, C4<011>;
P_000002aadd05bfb0 .param/l "S4" 0 3 23, C4<100>;
P_000002aadd05bfe8 .param/l "S5" 0 3 24, C4<101>;
P_000002aadd05c020 .param/l "S6" 0 3 25, C4<110>;
v000002aadd006dc0_0 .var "aload", 0 0;
v000002aadd065560_0 .var "asel", 0 0;
v000002aadd006b40_0 .var "bload", 0 0;
v000002aadd05c060_0 .var "bsel", 1 0;
v000002aadd05c100_0 .net "clk", 0 0, o000002aadd06c078;  alias, 0 drivers
v000002aadd05c1a0_0 .var "cload", 0 0;
v000002aadd05c240_0 .var "dload", 0 0;
v000002aadd054100_0 .net "go", 0 0, o000002aadd06c108;  alias, 0 drivers
v000002aadd0541a0_0 .var "next_state", 2 0;
v000002aadd054240_0 .var "output_enable", 0 0;
v000002aadd0542e0_0 .var "present_state", 2 0;
v000002aadd054380_0 .net "rst", 0 0, o000002aadd06c1c8;  alias, 0 drivers
E_000002aadd047c80 .event anyedge, v000002aadd0542e0_0, v000002aadd054100_0;
E_000002aadd047940 .event posedge, v000002aadd054380_0, v000002aadd05c100_0;
S_000002aadd054420 .scope module, "datapath1" "adder_datapath" 2 27, 4 10 0, S_000002aadd065190;
 .timescale -9 -12;
    .port_info 0 /INPUT 1 "clk";
    .port_info 1 /INPUT 1 "rst";
    .port_info 2 /INPUT 1 "aload";
    .port_info 3 /INPUT 1 "bload";
    .port_info 4 /INPUT 1 "cload";
    .port_info 5 /INPUT 1 "dload";
    .port_info 6 /INPUT 1 "asel";
    .port_info 7 /INPUT 1 "output_enable";
    .port_info 8 /INPUT 2 "bsel";
    .port_info 9 /INPUT 4 "A";
    .port_info 10 /INPUT 4 "B";
    .port_info 11 /INPUT 4 "C";
    .port_info 12 /INPUT 4 "D";
    .port_info 13 /OUTPUT 16 "o_sum";
v000002aadd0b6940_0 .net "A", 3 0, o000002aadd06c3d8;  alias, 0 drivers
v000002aadd0b7430_0 .net "B", 3 0, o000002aadd06c408;  alias, 0 drivers
v000002aadd0b7070_0 .net "C", 3 0, o000002aadd06c438;  alias, 0 drivers
v000002aadd0b6cb0_0 .net "D", 3 0, o000002aadd06c468;  alias, 0 drivers
v000002aadd0b7110_0 .net "aload", 0 0, v000002aadd006dc0_0;  alias, 1 drivers
v000002aadd0b6f30_0 .net "asel", 0 0, v000002aadd065560_0;  alias, 1 drivers
v000002aadd0b74d0_0 .var "atemp", 3 0;
v000002aadd0b6c10_0 .net "bload", 0 0, v000002aadd006b40_0;  alias, 1 drivers
v000002aadd0b71b0_0 .net "bsel", 1 0, v000002aadd05c060_0;  alias, 1 drivers
v000002aadd0b6fd0_0 .var "btemp", 3 0;
v000002aadd0b72f0_0 .net "clk", 0 0, o000002aadd06c078;  alias, 0 drivers
v000002aadd0b6d50_0 .net "cload", 0 0, v000002aadd05c1a0_0;  alias, 1 drivers
v000002aadd0b77f0_0 .var "ctemp", 3 0;
v000002aadd0b7570_0 .net "dload", 0 0, v000002aadd05c240_0;  alias, 1 drivers
v000002aadd0b7250_0 .var "dtemp", 3 0;
v000002aadd0b6df0_0 .var "o_sum", 15 0;
v000002aadd0b6e90_0 .net "output_enable", 0 0, v000002aadd054240_0;  alias, 1 drivers
v000002aadd0b7610_0 .net "rst", 0 0, o000002aadd06c1c8;  alias, 0 drivers
v000002aadd0b7390_0 .var "sum", 15 0;
    .scope S_000002aadd054420;
T_0 ;
    %wait E_000002aadd047940;
    %load/vec4 v000002aadd0b7610_0;
    %flag_set/vec4 8;
    %jmp/0xz  T_0.0, 8;
    %pushi/vec4 0, 0, 16;
    %assign/vec4 v000002aadd0b7390_0, 0;
    %jmp T_0.1;
T_0.0 ;
    %load/vec4 v000002aadd0b6e90_0;
    %cmpi/e 1, 0, 1;
    %jmp/0xz  T_0.2, 4;
    %load/vec4 v000002aadd0b7390_0;
    %assign/vec4 v000002aadd0b6df0_0, 0;
    %jmp T_0.3;
T_0.2 ;
    %load/vec4 v000002aadd0b7110_0;
    %pushi/vec4 1, 0, 1;
    %cmp/e;
    %flag_get/vec4 4;
    %load/vec4 v000002aadd0b6c10_0;
    %pushi/vec4 1, 0, 1;
    %cmp/e;
    %flag_get/vec4 4;
    %and;
    %load/vec4 v000002aadd0b6d50_0;
    %pushi/vec4 1, 0, 1;
    %cmp/e;
    %flag_get/vec4 4;
    %and;
    %load/vec4 v000002aadd0b7570_0;
    %pushi/vec4 1, 0, 1;
    %cmp/e;
    %flag_get/vec4 4;
    %and;
    %flag_set/vec4 8;
    %jmp/0xz  T_0.4, 8;
    %load/vec4 v000002aadd0b6940_0;
    %assign/vec4 v000002aadd0b74d0_0, 0;
    %load/vec4 v000002aadd0b7430_0;
    %assign/vec4 v000002aadd0b6fd0_0, 0;
    %load/vec4 v000002aadd0b7070_0;
    %assign/vec4 v000002aadd0b77f0_0, 0;
    %load/vec4 v000002aadd0b6cb0_0;
    %assign/vec4 v000002aadd0b7250_0, 0;
    %jmp T_0.5;
T_0.4 ;
    %load/vec4 v000002aadd0b6f30_0;
    %pushi/vec4 1, 0, 1;
    %cmp/e;
    %flag_get/vec4 4;
    %load/vec4 v000002aadd0b71b0_0;
    %pushi/vec4 0, 0, 2;
    %cmp/e;
    %flag_get/vec4 4;
    %and;
    %flag_set/vec4 8;
    %jmp/0xz  T_0.6, 8;
    %load/vec4 v000002aadd0b74d0_0;
    %pad/u 16;
    %load/vec4 v000002aadd0b6fd0_0;
    %pad/u 16;
    %add;
    %assign/vec4 v000002aadd0b7390_0, 0;
    %jmp T_0.7;
T_0.6 ;
    %load/vec4 v000002aadd0b6f30_0;
    %pushi/vec4 0, 0, 1;
    %cmp/e;
    %flag_get/vec4 4;
    %load/vec4 v000002aadd0b71b0_0;
    %pushi/vec4 1, 0, 2;
    %cmp/e;
    %flag_get/vec4 4;
    %and;
    %flag_set/vec4 8;
    %jmp/0xz  T_0.8, 8;
    %load/vec4 v000002aadd0b7390_0;
    %load/vec4 v000002aadd0b77f0_0;
    %pad/u 16;
    %add;
    %assign/vec4 v000002aadd0b7390_0, 0;
    %jmp T_0.9;
T_0.8 ;
    %load/vec4 v000002aadd0b6f30_0;
    %pushi/vec4 0, 0, 1;
    %cmp/e;
    %flag_get/vec4 4;
    %load/vec4 v000002aadd0b71b0_0;
    %pushi/vec4 2, 0, 2;
    %cmp/e;
    %flag_get/vec4 4;
    %and;
    %flag_set/vec4 8;
    %jmp/0xz  T_0.10, 8;
    %load/vec4 v000002aadd0b7390_0;
    %load/vec4 v000002aadd0b7250_0;
    %pad/u 16;
    %add;
    %assign/vec4 v000002aadd0b7390_0, 0;
T_0.10 ;
T_0.9 ;
T_0.7 ;
T_0.5 ;
T_0.3 ;
T_0.1 ;
    %jmp T_0;
    .thread T_0;
    .scope S_000002aadd065320;
T_1 ;
    %wait E_000002aadd047940;
    %load/vec4 v000002aadd054380_0;
    %cmpi/e 1, 0, 1;
    %jmp/0xz  T_1.0, 4;
    %pushi/vec4 0, 0, 3;
    %assign/vec4 v000002aadd0542e0_0, 0;
    %jmp T_1.1;
T_1.0 ;
    %load/vec4 v000002aadd0541a0_0;
    %assign/vec4 v000002aadd0542e0_0, 0;
T_1.1 ;
    %jmp T_1;
    .thread T_1;
    .scope S_000002aadd065320;
T_2 ;
    %wait E_000002aadd047c80;
    %load/vec4 v000002aadd054100_0;
    %pushi/vec4 1, 0, 1;
    %cmp/e;
    %flag_get/vec4 4;
    %load/vec4 v000002aadd0542e0_0;
    %pushi/vec4 0, 0, 3;
    %cmp/e;
    %flag_get/vec4 4;
    %and;
    %flag_set/vec4 8;
    %jmp/0xz  T_2.0, 8;
    %pushi/vec4 1, 0, 3;
    %store/vec4 v000002aadd0541a0_0, 0, 3;
    %pushi/vec4 0, 0, 1;
    %store/vec4 v000002aadd054240_0, 0, 1;
    %jmp T_2.1;
T_2.0 ;
    %load/vec4 v000002aadd0542e0_0;
    %dup/vec4;
    %pushi/vec4 1, 0, 3;
    %cmp/u;
    %jmp/1 T_2.2, 6;
    %dup/vec4;
    %pushi/vec4 2, 0, 3;
    %cmp/u;
    %jmp/1 T_2.3, 6;
    %dup/vec4;
    %pushi/vec4 3, 0, 3;
    %cmp/u;
    %jmp/1 T_2.4, 6;
    %dup/vec4;
    %pushi/vec4 4, 0, 3;
    %cmp/u;
    %jmp/1 T_2.5, 6;
    %dup/vec4;
    %pushi/vec4 5, 0, 3;
    %cmp/u;
    %jmp/1 T_2.6, 6;
    %dup/vec4;
    %pushi/vec4 6, 0, 3;
    %cmp/u;
    %jmp/1 T_2.7, 6;
    %pushi/vec4 0, 0, 3;
    %store/vec4 v000002aadd0541a0_0, 0, 3;
    %jmp T_2.9;
T_2.2 ;
    %pushi/vec4 2, 0, 3;
    %store/vec4 v000002aadd0541a0_0, 0, 3;
    %jmp T_2.9;
T_2.3 ;
    %pushi/vec4 1, 0, 1;
    %store/vec4 v000002aadd006dc0_0, 0, 1;
    %pushi/vec4 1, 0, 1;
    %store/vec4 v000002aadd006b40_0, 0, 1;
    %pushi/vec4 1, 0, 1;
    %store/vec4 v000002aadd05c1a0_0, 0, 1;
    %pushi/vec4 1, 0, 1;
    %store/vec4 v000002aadd05c240_0, 0, 1;
    %jmp T_2.9;
T_2.4 ;
    %pushi/vec4 0, 0, 1;
    %store/vec4 v000002aadd006dc0_0, 0, 1;
    %pushi/vec4 0, 0, 1;
    %store/vec4 v000002aadd006b40_0, 0, 1;
    %pushi/vec4 0, 0, 1;
    %store/vec4 v000002aadd05c1a0_0, 0, 1;
    %pushi/vec4 0, 0, 1;
    %store/vec4 v000002aadd05c240_0, 0, 1;
    %pushi/vec4 1, 0, 1;
    %store/vec4 v000002aadd065560_0, 0, 1;
    %pushi/vec4 0, 0, 2;
    %store/vec4 v000002aadd05c060_0, 0, 2;
    %jmp T_2.9;
T_2.5 ;
    %pushi/vec4 0, 0, 1;
    %store/vec4 v000002aadd065560_0, 0, 1;
    %pushi/vec4 1, 0, 2;
    %store/vec4 v000002aadd05c060_0, 0, 2;
    %jmp T_2.9;
T_2.6 ;
    %pushi/vec4 0, 0, 1;
    %store/vec4 v000002aadd065560_0, 0, 1;
    %pushi/vec4 2, 0, 2;
    %store/vec4 v000002aadd05c060_0, 0, 2;
    %jmp T_2.9;
T_2.7 ;
    %pushi/vec4 0, 0, 3;
    %store/vec4 v000002aadd0541a0_0, 0, 3;
    %pushi/vec4 1, 0, 1;
    %store/vec4 v000002aadd054240_0, 0, 1;
    %jmp T_2.9;
T_2.9 ;
    %pop/vec4 1;
T_2.1 ;
    %jmp T_2;
    .thread T_2, $push;
# The file index is used to find the file name in the following table.
:file_names 5;
    "N/A";
    "<interactive>";
    "adder_topmodule.v";
    "./adder_controller.v";
    "./adder_datapath.v";
