#! /c/Source/iverilog-install/bin/vvp
:ivl_version "12.0 (devel)" "(s20150603-1539-g2693dd32b)";
:ivl_delay_selection "TYPICAL";
:vpi_time_precision - 12;
:vpi_module "C:\iverilog\lib\ivl\system.vpi";
:vpi_module "C:\iverilog\lib\ivl\vhdl_sys.vpi";
:vpi_module "C:\iverilog\lib\ivl\vhdl_textio.vpi";
:vpi_module "C:\iverilog\lib\ivl\v2005_math.vpi";
:vpi_module "C:\iverilog\lib\ivl\va_math.vpi";
S_000001fd3e616700 .scope module, "adder_datapath" "adder_datapath" 2 10;
 .timescale -9 -12;
    .port_info 0 /INPUT 1 "clk";
    .port_info 1 /INPUT 1 "rst";
    .port_info 2 /INPUT 1 "aload";
    .port_info 3 /INPUT 1 "bload";
    .port_info 4 /INPUT 1 "cload";
    .port_info 5 /INPUT 1 "dload";
    .port_info 6 /INPUT 1 "asel";
    .port_info 7 /INPUT 1 "output_enable";
    .port_info 8 /INPUT 2 "bsel";
    .port_info 9 /INPUT 4 "A";
    .port_info 10 /INPUT 4 "B";
    .port_info 11 /INPUT 4 "C";
    .port_info 12 /INPUT 4 "D";
    .port_info 13 /OUTPUT 16 "o_sum";
o000001fd3e66bfd8 .functor BUFZ 4, C4<zzzz>; HiZ drive
v000001fd3e616d80_0 .net "A", 3 0, o000001fd3e66bfd8;  0 drivers
o000001fd3e66c008 .functor BUFZ 4, C4<zzzz>; HiZ drive
v000001fd3e61bec0_0 .net "B", 3 0, o000001fd3e66c008;  0 drivers
o000001fd3e66c038 .functor BUFZ 4, C4<zzzz>; HiZ drive
v000001fd3e616980_0 .net "C", 3 0, o000001fd3e66c038;  0 drivers
o000001fd3e66c068 .functor BUFZ 4, C4<zzzz>; HiZ drive
v000001fd3e616a20_0 .net "D", 3 0, o000001fd3e66c068;  0 drivers
o000001fd3e66c098 .functor BUFZ 1, C4<z>; HiZ drive
v000001fd3e616ac0_0 .net "aload", 0 0, o000001fd3e66c098;  0 drivers
o000001fd3e66c0c8 .functor BUFZ 1, C4<z>; HiZ drive
v000001fd3e6b2c50_0 .net "asel", 0 0, o000001fd3e66c0c8;  0 drivers
v000001fd3e6b2cf0_0 .var "atemp", 3 0;
o000001fd3e66c128 .functor BUFZ 1, C4<z>; HiZ drive
v000001fd3e6b2d90_0 .net "bload", 0 0, o000001fd3e66c128;  0 drivers
o000001fd3e66c158 .functor BUFZ 2, C4<zz>; HiZ drive
v000001fd3e6b2e30_0 .net "bsel", 1 0, o000001fd3e66c158;  0 drivers
v000001fd3e6b2f60_0 .var "btemp", 3 0;
o000001fd3e66c1b8 .functor BUFZ 1, C4<z>; HiZ drive
v000001fd3e6b3000_0 .net "clk", 0 0, o000001fd3e66c1b8;  0 drivers
o000001fd3e66c1e8 .functor BUFZ 1, C4<z>; HiZ drive
v000001fd3e6b30a0_0 .net "cload", 0 0, o000001fd3e66c1e8;  0 drivers
v000001fd3e6b3140_0 .var "ctemp", 3 0;
o000001fd3e66c248 .functor BUFZ 1, C4<z>; HiZ drive
v000001fd3e6b31e0_0 .net "dload", 0 0, o000001fd3e66c248;  0 drivers
v000001fd3e6b3280_0 .var "dtemp", 3 0;
v000001fd3e662ec0_0 .var "o_sum", 15 0;
o000001fd3e66c2d8 .functor BUFZ 1, C4<z>; HiZ drive
v000001fd3e6631e0_0 .net "output_enable", 0 0, o000001fd3e66c2d8;  0 drivers
o000001fd3e66c308 .functor BUFZ 1, C4<z>; HiZ drive
v000001fd3e663640_0 .net "rst", 0 0, o000001fd3e66c308;  0 drivers
v000001fd3e663280_0 .var "sum", 15 0;
E_000001fd3e6550a0 .event posedge, v000001fd3e663640_0, v000001fd3e6b3000_0;
    .scope S_000001fd3e616700;
T_0 ;
    %wait E_000001fd3e6550a0;
    %load/vec4 v000001fd3e663640_0;
    %flag_set/vec4 8;
    %jmp/0xz  T_0.0, 8;
    %pushi/vec4 0, 0, 16;
    %assign/vec4 v000001fd3e663280_0, 0;
    %jmp T_0.1;
T_0.0 ;
    %load/vec4 v000001fd3e6631e0_0;
    %cmpi/e 1, 0, 1;
    %jmp/0xz  T_0.2, 4;
    %load/vec4 v000001fd3e663280_0;
    %assign/vec4 v000001fd3e662ec0_0, 0;
    %jmp T_0.3;
T_0.2 ;
    %load/vec4 v000001fd3e616ac0_0;
    %pushi/vec4 1, 0, 1;
    %cmp/e;
    %flag_get/vec4 4;
    %load/vec4 v000001fd3e6b2d90_0;
    %pushi/vec4 1, 0, 1;
    %cmp/e;
    %flag_get/vec4 4;
    %and;
    %load/vec4 v000001fd3e6b30a0_0;
    %pushi/vec4 1, 0, 1;
    %cmp/e;
    %flag_get/vec4 4;
    %and;
    %load/vec4 v000001fd3e6b31e0_0;
    %pushi/vec4 1, 0, 1;
    %cmp/e;
    %flag_get/vec4 4;
    %and;
    %flag_set/vec4 8;
    %jmp/0xz  T_0.4, 8;
    %load/vec4 v000001fd3e616d80_0;
    %assign/vec4 v000001fd3e6b2cf0_0, 0;
    %load/vec4 v000001fd3e61bec0_0;
    %assign/vec4 v000001fd3e6b2f60_0, 0;
    %load/vec4 v000001fd3e616980_0;
    %assign/vec4 v000001fd3e6b3140_0, 0;
    %load/vec4 v000001fd3e616a20_0;
    %assign/vec4 v000001fd3e6b3280_0, 0;
    %jmp T_0.5;
T_0.4 ;
    %load/vec4 v000001fd3e6b2c50_0;
    %pushi/vec4 1, 0, 1;
    %cmp/e;
    %flag_get/vec4 4;
    %load/vec4 v000001fd3e6b2e30_0;
    %pushi/vec4 0, 0, 2;
    %cmp/e;
    %flag_get/vec4 4;
    %and;
    %flag_set/vec4 8;
    %jmp/0xz  T_0.6, 8;
    %load/vec4 v000001fd3e6b2cf0_0;
    %pad/u 16;
    %load/vec4 v000001fd3e6b2f60_0;
    %pad/u 16;
    %add;
    %assign/vec4 v000001fd3e663280_0, 0;
    %jmp T_0.7;
T_0.6 ;
    %load/vec4 v000001fd3e6b2c50_0;
    %pushi/vec4 0, 0, 1;
    %cmp/e;
    %flag_get/vec4 4;
    %load/vec4 v000001fd3e6b2e30_0;
    %pushi/vec4 1, 0, 2;
    %cmp/e;
    %flag_get/vec4 4;
    %and;
    %flag_set/vec4 8;
    %jmp/0xz  T_0.8, 8;
    %load/vec4 v000001fd3e663280_0;
    %load/vec4 v000001fd3e6b3140_0;
    %pad/u 16;
    %add;
    %assign/vec4 v000001fd3e663280_0, 0;
    %jmp T_0.9;
T_0.8 ;
    %load/vec4 v000001fd3e6b2c50_0;
    %pushi/vec4 0, 0, 1;
    %cmp/e;
    %flag_get/vec4 4;
    %load/vec4 v000001fd3e6b2e30_0;
    %pushi/vec4 2, 0, 2;
    %cmp/e;
    %flag_get/vec4 4;
    %and;
    %flag_set/vec4 8;
    %jmp/0xz  T_0.10, 8;
    %load/vec4 v000001fd3e663280_0;
    %load/vec4 v000001fd3e6b3280_0;
    %pad/u 16;
    %add;
    %assign/vec4 v000001fd3e663280_0, 0;
T_0.10 ;
T_0.9 ;
T_0.7 ;
T_0.5 ;
T_0.3 ;
T_0.1 ;
    %jmp T_0;
    .thread T_0;
# The file index is used to find the file name in the following table.
:file_names 3;
    "N/A";
    "<interactive>";
    "adder_datapath.v";
