#! /c/Source/iverilog-install/bin/vvp
:ivl_version "12.0 (devel)" "(s20150603-1539-g2693dd32b)";
:ivl_delay_selection "TYPICAL";
:vpi_time_precision - 12;
:vpi_module "C:\iverilog\lib\ivl\system.vpi";
:vpi_module "C:\iverilog\lib\ivl\vhdl_sys.vpi";
:vpi_module "C:\iverilog\lib\ivl\vhdl_textio.vpi";
:vpi_module "C:\iverilog\lib\ivl\v2005_math.vpi";
:vpi_module "C:\iverilog\lib\ivl\va_math.vpi";
S_0000020519dd6810 .scope module, "controller" "controller" 2 10;
 .timescale -9 -12;
    .port_info 0 /INPUT 1 "clk";
    .port_info 1 /INPUT 1 "rst";
    .port_info 2 /INPUT 1 "go";
    .port_info 3 /OUTPUT 1 "aload";
    .port_info 4 /OUTPUT 1 "bload";
    .port_info 5 /OUTPUT 1 "cload";
    .port_info 6 /OUTPUT 1 "dload";
    .port_info 7 /OUTPUT 1 "asel";
    .port_info 8 /OUTPUT 2 "bsel";
    .port_info 9 /OUTPUT 1 "output_enable";
P_0000020519dd69a0 .param/l "S0" 0 2 19, C4<000>;
P_0000020519dd69d8 .param/l "S1" 0 2 20, C4<001>;
P_0000020519dd6a10 .param/l "S2" 0 2 21, C4<010>;
P_0000020519dd6a48 .param/l "S3" 0 2 22, C4<011>;
P_0000020519dd6a80 .param/l "S4" 0 2 23, C4<100>;
P_0000020519dd6ab8 .param/l "S5" 0 2 24, C4<101>;
P_0000020519dd6af0 .param/l "S6" 0 2 25, C4<110>;
v0000020519dd6d80_0 .var "aload", 0 0;
v0000020519ddbcf0_0 .var "asel", 0 0;
v0000020519ddbd90_0 .var "bload", 0 0;
v0000020519ddbe30_0 .var "bsel", 1 0;
o0000020519e2c098 .functor BUFZ 1, C4<z>; HiZ drive
v0000020519ddbed0_0 .net "clk", 0 0, o0000020519e2c098;  0 drivers
v0000020519e23700_0 .var "cload", 0 0;
v0000020519e237a0_0 .var "dload", 0 0;
o0000020519e2c128 .functor BUFZ 1, C4<z>; HiZ drive
v0000020519e23840_0 .net "go", 0 0, o0000020519e2c128;  0 drivers
v0000020519e238e0_0 .var "next_state", 2 0;
v0000020519e23980_0 .var "output_enable", 0 0;
v0000020519e23a20_0 .var "present_state", 2 0;
o0000020519e2c1e8 .functor BUFZ 1, C4<z>; HiZ drive
v0000020519e23ac0_0 .net "rst", 0 0, o0000020519e2c1e8;  0 drivers
E_0000020519e14f20 .event anyedge, v0000020519e23a20_0, v0000020519e23840_0;
E_0000020519e153a0 .event posedge, v0000020519e23ac0_0, v0000020519ddbed0_0;
    .scope S_0000020519dd6810;
T_0 ;
    %wait E_0000020519e153a0;
    %load/vec4 v0000020519e23ac0_0;
    %cmpi/e 1, 0, 1;
    %jmp/0xz  T_0.0, 4;
    %pushi/vec4 0, 0, 3;
    %assign/vec4 v0000020519e23a20_0, 0;
    %jmp T_0.1;
T_0.0 ;
    %load/vec4 v0000020519e238e0_0;
    %assign/vec4 v0000020519e23a20_0, 0;
T_0.1 ;
    %jmp T_0;
    .thread T_0;
    .scope S_0000020519dd6810;
T_1 ;
    %wait E_0000020519e14f20;
    %load/vec4 v0000020519e23840_0;
    %pushi/vec4 1, 0, 1;
    %cmp/e;
    %flag_get/vec4 4;
    %load/vec4 v0000020519e23a20_0;
    %pushi/vec4 0, 0, 3;
    %cmp/e;
    %flag_get/vec4 4;
    %and;
    %flag_set/vec4 8;
    %jmp/0xz  T_1.0, 8;
    %pushi/vec4 1, 0, 3;
    %store/vec4 v0000020519e238e0_0, 0, 3;
    %pushi/vec4 0, 0, 1;
    %store/vec4 v0000020519e23980_0, 0, 1;
    %jmp T_1.1;
T_1.0 ;
    %load/vec4 v0000020519e23a20_0;
    %dup/vec4;
    %pushi/vec4 1, 0, 3;
    %cmp/u;
    %jmp/1 T_1.2, 6;
    %dup/vec4;
    %pushi/vec4 2, 0, 3;
    %cmp/u;
    %jmp/1 T_1.3, 6;
    %dup/vec4;
    %pushi/vec4 3, 0, 3;
    %cmp/u;
    %jmp/1 T_1.4, 6;
    %dup/vec4;
    %pushi/vec4 4, 0, 3;
    %cmp/u;
    %jmp/1 T_1.5, 6;
    %dup/vec4;
    %pushi/vec4 5, 0, 3;
    %cmp/u;
    %jmp/1 T_1.6, 6;
    %dup/vec4;
    %pushi/vec4 6, 0, 3;
    %cmp/u;
    %jmp/1 T_1.7, 6;
    %pushi/vec4 0, 0, 3;
    %store/vec4 v0000020519e238e0_0, 0, 3;
    %jmp T_1.9;
T_1.2 ;
    %pushi/vec4 2, 0, 3;
    %store/vec4 v0000020519e238e0_0, 0, 3;
    %jmp T_1.9;
T_1.3 ;
    %pushi/vec4 1, 0, 1;
    %store/vec4 v0000020519dd6d80_0, 0, 1;
    %pushi/vec4 1, 0, 1;
    %store/vec4 v0000020519ddbd90_0, 0, 1;
    %pushi/vec4 1, 0, 1;
    %store/vec4 v0000020519e23700_0, 0, 1;
    %pushi/vec4 1, 0, 1;
    %store/vec4 v0000020519e237a0_0, 0, 1;
    %jmp T_1.9;
T_1.4 ;
    %pushi/vec4 0, 0, 1;
    %store/vec4 v0000020519dd6d80_0, 0, 1;
    %pushi/vec4 0, 0, 1;
    %store/vec4 v0000020519ddbd90_0, 0, 1;
    %pushi/vec4 0, 0, 1;
    %store/vec4 v0000020519e23700_0, 0, 1;
    %pushi/vec4 0, 0, 1;
    %store/vec4 v0000020519e237a0_0, 0, 1;
    %pushi/vec4 1, 0, 1;
    %store/vec4 v0000020519ddbcf0_0, 0, 1;
    %pushi/vec4 0, 0, 2;
    %store/vec4 v0000020519ddbe30_0, 0, 2;
    %jmp T_1.9;
T_1.5 ;
    %pushi/vec4 0, 0, 1;
    %store/vec4 v0000020519ddbcf0_0, 0, 1;
    %pushi/vec4 1, 0, 2;
    %store/vec4 v0000020519ddbe30_0, 0, 2;
    %jmp T_1.9;
T_1.6 ;
    %pushi/vec4 0, 0, 1;
    %store/vec4 v0000020519ddbcf0_0, 0, 1;
    %pushi/vec4 2, 0, 2;
    %store/vec4 v0000020519ddbe30_0, 0, 2;
    %jmp T_1.9;
T_1.7 ;
    %pushi/vec4 0, 0, 3;
    %store/vec4 v0000020519e238e0_0, 0, 3;
    %pushi/vec4 1, 0, 1;
    %store/vec4 v0000020519e23980_0, 0, 1;
    %jmp T_1.9;
T_1.9 ;
    %pop/vec4 1;
T_1.1 ;
    %jmp T_1;
    .thread T_1, $push;
# The file index is used to find the file name in the following table.
:file_names 3;
    "N/A";
    "<interactive>";
    "adder_controller.v";
